mktextfm IRNazanin
mktextfm IRNazanin
mktextfm IRNazanin
mktextfm IRNazanin/BI
mktextfm IRNazanin
mktextfm IRNazanin/B
mktextfm IRNazanin
mktextfm IRNazanin/I
mktextfm IRNazanin
mktextfm IRNazanin
mktextfm IRNazanin
mktextfm IRTitr
mktextfm IRTitr
mktextfm IRTitr
mktextfm IRTitr/BI
mktextfm IRTitr
mktextfm IRTitr/B
mktextfm IRTitr
mktextfm IRTitr/I
mktextfm IRTitr
mktextfm IRTitr
mktextfm IRTitr
mktextfm IRNazanin
mktextfm IRNazanin
mktextfm IRNazanin
mktextfm IRNazanin/BI
mktextfm IRNazanin
mktextfm IRNazanin/B
mktextfm IRNazanin
mktextfm IRNazanin/I
mktextfm IRNazanin
mktextfm IRNazanin
mktextfm IRNazanin
mktextfm IRTitr
mktextfm IRTitr
mktextfm IRTitr
mktextfm IRTitr/BI
mktextfm IRTitr
mktextfm IRTitr/B
mktextfm IRTitr
mktextfm IRTitr/I
mktextfm IRTitr
mktextfm IRTitr
mktextfm IRTitr
mktextfm IRNazanin/OT
mktextfm IRNazanin/OT
mktextfm IRNazanin/OT
mktextfm IRNazanin/BI/OT
mktextfm IRNazanin/OT
mktextfm IRNazanin/B/OT
mktextfm IRNazanin/OT
mktextfm IRNazanin/I/OT
mktextfm IRNazanin/OT
mktextfm IRNazanin/OT
mktextfm IRNazanin/OT
mktextfm IRTitr/OT
mktextfm IRTitr/OT
mktextfm IRTitr/OT
mktextfm IRTitr/BI/OT
mktextfm IRTitr/OT
mktextfm IRTitr/B/OT
mktextfm IRTitr/OT
mktextfm IRTitr/I/OT
mktextfm IRTitr/OT
mktextfm IRTitr/OT
mktextfm IRTitr/OT
mktextfm IRNazanin/OT
mktextfm IRNazanin/OT
mktextfm IRNazanin/OT
mktextfm IRNazanin/BI/OT
mktextfm IRNazanin/OT
mktextfm IRNazanin/B/OT
mktextfm IRNazanin/OT
mktextfm IRNazanin/I/OT
mktextfm IRNazanin/OT
mktextfm IRNazanin/OT
mktextfm IRNazanin/OT
mktextfm IRTitr/OT
mktextfm IRTitr/OT
mktextfm IRTitr/OT
mktextfm IRTitr/BI/OT
mktextfm IRTitr/OT
mktextfm IRTitr/B/OT
mktextfm IRTitr/OT
mktextfm IRTitr/I/OT
mktextfm IRTitr/OT
mktextfm IRTitr/OT
mktextfm IRTitr/OT
mktextfm IRNazanin/OT
mktextfm IRNazanin/OT
mktextfm IRNazanin/OT
mktextfm IRNazanin/BI/OT
mktextfm IRNazanin/OT
mktextfm IRNazanin/B/OT
mktextfm IRNazanin/OT
mktextfm IRNazanin/I/OT
mktextfm IRNazanin/OT
mktextfm IRNazanin/OT
mktextfm IRNazanin/OT
mktextfm IRTitr/OT
mktextfm IRTitr/OT
mktextfm IRTitr/OT
mktextfm IRTitr/BI/OT
mktextfm IRTitr/OT
mktextfm IRTitr/B/OT
mktextfm IRTitr/OT
mktextfm IRTitr/I/OT
mktextfm IRTitr/OT
mktextfm IRTitr/OT
mktextfm IRTitr/OT
